# JRE version: Java(TM) SE Runtime Environment (17.0.12+8) (build 17.0.12+8-LTS-286)
# Java VM: Java HotSpot(TM) 64-Bit Server VM (17.0.12+8-LTS-286, mixed mode, emulated-client, sharing, tiered, compressed oops, compressed class ptrs, g1 gc, windows-amd64)
GC Precious Log:
 CPUs: 4 total, 4 available
 Memory: 11127M
 Large Page Support: Disabled
 NUMA Support: Disabled
 Compressed Oops: Enabled (Zero based)
 Heap Region Size: 2M
 Heap Min Capacity: 8M
 Heap Initial Capacity: 174M
 Heap Max Capacity: 2782M
 Pre-touch: Disabled
 Parallel Workers: 4
 Concurrent Workers: 1
 Concurrent Refinement Workers: 4
 Periodic GC: Disabled
Heap:
 garbage-first heap   total 116736K, used 57610K [0x0000000752200000, 0x0000000800000000)
  region size 2048K, 3 young (6144K), 2 survivors (4096K)
 Metaspace       used 96144K, committed 96896K, reserved 1179648K
  class space    used 13441K, committed 13760K, reserved 1048576K
GC Heap History (20 events):
Event: 5.922 GC heap before
{Heap before GC invocations=10 (full 0):
 garbage-first heap   total 96256K, used 40063K [0x0000000752200000, 0x0000000800000000)
  region size 2048K, 5 young (10240K), 2 survivors (4096K)
 Metaspace       used 35671K, committed 36096K, reserved 1114112K
  class space    used 5108K, committed 5312K, reserved 1048576K
}
Event: 5.925 GC heap after
{Heap after GC invocations=11 (full 0):
 garbage-first heap   total 116736K, used 36732K [0x0000000752200000, 0x0000000800000000)
  region size 2048K, 1 young (2048K), 1 survivors (2048K)
 Metaspace       used 35671K, committed 36096K, reserved 1114112K
  class space    used 5108K, committed 5312K, reserved 1048576K
}
Event: 6.941 GC heap before
{Heap before GC invocations=12 (full 0):
 garbage-first heap   total 116736K, used 85884K [0x0000000752200000, 0x0000000800000000)
  region size 2048K, 25 young (51200K), 1 survivors (2048K)
 Metaspace       used 46322K, committed 46848K, reserved 1114112K
  class space    used 6687K, committed 6912K, reserved 1048576K
}
Event: 6.944 GC heap after
{Heap after GC invocations=13 (full 0):
 garbage-first heap   total 116736K, used 38926K [0x0000000752200000, 0x0000000800000000)
  region size 2048K, 2 young (4096K), 2 survivors (4096K)
 Metaspace       used 46322K, committed 46848K, reserved 1114112K
  class space    used 6687K, committed 6912K, reserved 1048576K
}
Event: 7.848 GC heap before
{Heap before GC invocations=13 (full 0):
 garbage-first heap   total 116736K, used 86030K [0x0000000752200000, 0x0000000800000000)
  region size 2048K, 26 young (53248K), 2 survivors (4096K)
 Metaspace       used 57868K, committed 58432K, reserved 1114112K
  class space    used 8497K, committed 8768K, reserved 1048576K
}
Event: 7.852 GC heap after
{Heap after GC invocations=14 (full 0):
 garbage-first heap   total 116736K, used 40918K [0x0000000752200000, 0x0000000800000000)
  region size 2048K, 3 young (6144K), 3 survivors (6144K)
 Metaspace       used 57868K, committed 58432K, reserved 1114112K
  class space    used 8497K, committed 8768K, reserved 1048576K
}
Event: 8.059 GC heap before
{Heap before GC invocations=14 (full 0):
 garbage-first heap   total 116736K, used 53206K [0x0000000752200000, 0x0000000800000000)
  region size 2048K, 10 young (20480K), 3 survivors (6144K)
 Metaspace       used 59892K, committed 60416K, reserved 1114112K
  class space    used 8739K, committed 9024K, reserved 1048576K
}
Event: 8.063 GC heap after
{Heap after GC invocations=15 (full 0):
 garbage-first heap   total 116736K, used 42233K [0x0000000752200000, 0x0000000800000000)
  region size 2048K, 2 young (4096K), 2 survivors (4096K)
 Metaspace       used 59892K, committed 60416K, reserved 1114112K
  class space    used 8739K, committed 9024K, reserved 1048576K
}
Event: 9.032 GC heap before
{Heap before GC invocations=16 (full 0):
 garbage-first heap   total 116736K, used 89337K [0x0000000752200000, 0x0000000800000000)
  region size 2048K, 26 young (53248K), 2 survivors (4096K)
 Metaspace       used 68165K, committed 68736K, reserved 1114112K
  class space    used 9774K, committed 10048K, reserved 1048576K
}
Event: 9.039 GC heap after
{Heap after GC invocations=17 (full 0):
 garbage-first heap   total 116736K, used 45753K [0x0000000752200000, 0x0000000800000000)
  region size 2048K, 4 young (8192K), 4 survivors (8192K)
 Metaspace       used 68165K, committed 68736K, reserved 1114112K
  class space    used 9774K, committed 10048K, reserved 1048576K
}
Event: 9.880 GC heap before
{Heap before GC invocations=18 (full 0):
 garbage-first heap   total 116736K, used 90809K [0x0000000752200000, 0x0000000800000000)
  region size 2048K, 26 young (53248K), 4 survivors (8192K)
 Metaspace       used 72612K, committed 73280K, reserved 1114112K
  class space    used 10437K, committed 10752K, reserved 1048576K
}
Event: 9.888 GC heap after
{Heap after GC invocations=19 (full 0):
 garbage-first heap   total 116736K, used 49016K [0x0000000752200000, 0x0000000800000000)
  region size 2048K, 4 young (8192K), 4 survivors (8192K)
 Metaspace       used 72612K, committed 73280K, reserved 1114112K
  class space    used 10437K, committed 10752K, reserved 1048576K
}
Event: 12.985 GC heap before
{Heap before GC invocations=19 (full 0):
 garbage-first heap   total 116736K, used 89976K [0x0000000752200000, 0x0000000800000000)
  region size 2048K, 24 young (49152K), 4 survivors (8192K)
 Metaspace       used 76684K, committed 77312K, reserved 1179648K
  class space    used 10981K, committed 11264K, reserved 1048576K
}
Event: 12.993 GC heap after
{Heap after GC invocations=20 (full 0):
 garbage-first heap   total 116736K, used 53000K [0x0000000752200000, 0x0000000800000000)
  region size 2048K, 2 young (4096K), 2 survivors (4096K)
 Metaspace       used 76684K, committed 77312K, reserved 1179648K
  class space    used 10981K, committed 11264K, reserved 1048576K
}
Event: 13.738 GC heap before
{Heap before GC invocations=20 (full 0):
 garbage-first heap   total 116736K, used 89864K [0x0000000752200000, 0x0000000800000000)
  region size 2048K, 21 young (43008K), 2 survivors (4096K)
 Metaspace       used 85681K, committed 86272K, reserved 1179648K
  class space    used 11988K, committed 12288K, reserved 1048576K
}
Event: 13.742 GC heap after
{Heap after GC invocations=21 (full 0):
 garbage-first heap   total 116736K, used 54599K [0x0000000752200000, 0x0000000800000000)
  region size 2048K, 2 young (4096K), 2 survivors (4096K)
 Metaspace       used 85681K, committed 86272K, reserved 1179648K
  class space    used 11988K, committed 12288K, reserved 1048576K
}
Event: 15.517 GC heap before
{Heap before GC invocations=21 (full 0):
 garbage-first heap   total 116736K, used 93511K [0x0000000752200000, 0x0000000800000000)
  region size 2048K, 21 young (43008K), 2 survivors (4096K)
 Metaspace       used 92465K, committed 93056K, reserved 1179648K
  class space    used 12887K, committed 13184K, reserved 1048576K
}
Event: 15.521 GC heap after
{Heap after GC invocations=22 (full 0):
 garbage-first heap   total 116736K, used 56631K [0x0000000752200000, 0x0000000800000000)
  region size 2048K, 3 young (6144K), 3 survivors (6144K)
 Metaspace       used 92465K, committed 93056K, reserved 1179648K
  class space    used 12887K, committed 13184K, reserved 1048576K
}
Event: 107.762 GC heap before
{Heap before GC invocations=23 (full 0):
 garbage-first heap   total 116736K, used 93495K [0x0000000752200000, 0x0000000800000000)
  region size 2048K, 21 young (43008K), 3 survivors (6144K)
 Metaspace       used 96085K, committed 96768K, reserved 1179648K
  class space    used 13429K, committed 13760K, reserved 1048576K
}
Event: 107.768 GC heap after
{Heap after GC invocations=24 (full 0):
 garbage-first heap   total 116736K, used 57610K [0x0000000752200000, 0x0000000800000000)
  region size 2048K, 2 young (4096K), 2 survivors (4096K)
 Metaspace       used 96085K, committed 96768K, reserved 1179648K
  class space    used 13429K, committed 13760K, reserved 1048576K
}

