# JRE version: Java(TM) SE Runtime Environment (17.0.12+8) (build 17.0.12+8-LTS-286)
# Java VM: Java HotSpot(TM) 64-Bit Server VM (17.0.12+8-LTS-286, mixed mode, emulated-client, sharing, tiered, compressed oops, compressed class ptrs, g1 gc, windows-amd64)
GC Precious Log:
 CPUs: 4 total, 4 available
 Memory: 11127M
 Large Page Support: Disabled
 NUMA Support: Disabled
 Compressed Oops: Enabled (Zero based)
 Heap Region Size: 2M
 Heap Min Capacity: 8M
 Heap Initial Capacity: 174M
 Heap Max Capacity: 2782M
 Pre-touch: Disabled
 Parallel Workers: 4
 Concurrent Workers: 1
 Concurrent Refinement Workers: 4
 Periodic GC: Disabled
Heap:
 garbage-first heap   total 124928K, used 87205K [0x0000000752200000, 0x0000000800000000)
  region size 2048K, 21 young (43008K), 3 survivors (6144K)
 Metaspace       used 99197K, committed 99840K, reserved 1179648K
  class space    used 13740K, committed 14016K, reserved 1048576K
GC Heap History (20 events):
Event: 104.780 GC heap before
{Heap before GC invocations=24 (full 1):
 garbage-first heap   total 124928K, used 97849K [0x0000000752200000, 0x0000000800000000)
  region size 2048K, 26 young (53248K), 4 survivors (8192K)
 Metaspace       used 97024K, committed 97792K, reserved 1179648K
  class space    used 13515K, committed 13888K, reserved 1048576K
}
Event: 104.785 GC heap after
{Heap after GC invocations=25 (full 1):
 garbage-first heap   total 124928K, used 55593K [0x0000000752200000, 0x0000000800000000)
  region size 2048K, 3 young (6144K), 3 survivors (6144K)
 Metaspace       used 97024K, committed 97792K, reserved 1179648K
  class space    used 13515K, committed 13888K, reserved 1048576K
}
Event: 144.004 GC heap before
{Heap before GC invocations=25 (full 1):
 garbage-first heap   total 124928K, used 96553K [0x0000000752200000, 0x0000000800000000)
  region size 2048K, 24 young (49152K), 3 survivors (6144K)
 Metaspace       used 97697K, committed 98496K, reserved 1179648K
  class space    used 13635K, committed 14016K, reserved 1048576K
}
Event: 144.071 GC heap after
{Heap after GC invocations=26 (full 2):
 garbage-first heap   total 124928K, used 43855K [0x0000000752200000, 0x0000000800000000)
  region size 2048K, 0 young (0K), 0 survivors (0K)
 Metaspace       used 97457K, committed 98496K, reserved 1179648K
  class space    used 13580K, committed 14016K, reserved 1048576K
}
Event: 145.904 GC heap before
{Heap before GC invocations=26 (full 2):
 garbage-first heap   total 124928K, used 95055K [0x0000000752200000, 0x0000000800000000)
  region size 2048K, 25 young (51200K), 0 survivors (0K)
 Metaspace       used 97555K, committed 98496K, reserved 1179648K
  class space    used 13595K, committed 14016K, reserved 1048576K
}
Event: 145.909 GC heap after
{Heap after GC invocations=27 (full 2):
 garbage-first heap   total 124928K, used 48203K [0x0000000752200000, 0x0000000800000000)
  region size 2048K, 3 young (6144K), 3 survivors (6144K)
 Metaspace       used 97555K, committed 98496K, reserved 1179648K
  class space    used 13595K, committed 14016K, reserved 1048576K
}
Event: 146.382 GC heap before
{Heap before GC invocations=27 (full 2):
 garbage-first heap   total 124928K, used 93259K [0x0000000752200000, 0x0000000800000000)
  region size 2048K, 26 young (53248K), 3 survivors (6144K)
 Metaspace       used 97789K, committed 98560K, reserved 1179648K
  class space    used 13620K, committed 14016K, reserved 1048576K
}
Event: 146.385 GC heap after
{Heap after GC invocations=28 (full 2):
 garbage-first heap   total 124928K, used 49999K [0x0000000752200000, 0x0000000800000000)
  region size 2048K, 3 young (6144K), 3 survivors (6144K)
 Metaspace       used 97789K, committed 98560K, reserved 1179648K
  class space    used 13620K, committed 14016K, reserved 1048576K
}
Event: 146.960 GC heap before
{Heap before GC invocations=28 (full 2):
 garbage-first heap   total 124928K, used 97103K [0x0000000752200000, 0x0000000800000000)
  region size 2048K, 26 young (53248K), 3 survivors (6144K)
 Metaspace       used 98109K, committed 98880K, reserved 1179648K
  class space    used 13645K, committed 14016K, reserved 1048576K
}
Event: 146.965 GC heap after
{Heap after GC invocations=29 (full 2):
 garbage-first heap   total 124928K, used 53193K [0x0000000752200000, 0x0000000800000000)
  region size 2048K, 3 young (6144K), 3 survivors (6144K)
 Metaspace       used 98109K, committed 98880K, reserved 1179648K
  class space    used 13645K, committed 14016K, reserved 1048576K
}
Event: 235.002 GC heap before
{Heap before GC invocations=29 (full 2):
 garbage-first heap   total 124928K, used 96201K [0x0000000752200000, 0x0000000800000000)
  region size 2048K, 24 young (49152K), 3 survivors (6144K)
 Metaspace       used 98443K, committed 99136K, reserved 1179648K
  class space    used 13681K, committed 14016K, reserved 1048576K
}
Event: 235.007 GC heap after
{Heap after GC invocations=30 (full 2):
 garbage-first heap   total 124928K, used 54180K [0x0000000752200000, 0x0000000800000000)
  region size 2048K, 3 young (6144K), 3 survivors (6144K)
 Metaspace       used 98443K, committed 99136K, reserved 1179648K
  class space    used 13681K, committed 14016K, reserved 1048576K
}
Event: 330.076 GC heap before
{Heap before GC invocations=30 (full 2):
 garbage-first heap   total 124928K, used 70564K [0x0000000752200000, 0x0000000800000000)
  region size 2048K, 12 young (24576K), 3 survivors (6144K)
 Metaspace       used 98458K, committed 99200K, reserved 1179648K
  class space    used 13684K, committed 14016K, reserved 1048576K
}
Event: 330.756 GC heap after
{Heap after GC invocations=31 (full 3):
 garbage-first heap   total 124928K, used 38843K [0x0000000752200000, 0x0000000800000000)
  region size 2048K, 0 young (0K), 0 survivors (0K)
 Metaspace       used 98266K, committed 99200K, reserved 1179648K
  class space    used 13645K, committed 14016K, reserved 1048576K
}
Event: 333.785 GC heap before
{Heap before GC invocations=31 (full 3):
 garbage-first heap   total 124928K, used 94139K [0x0000000752200000, 0x0000000800000000)
  region size 2048K, 27 young (55296K), 0 survivors (0K)
 Metaspace       used 98384K, committed 99200K, reserved 1179648K
  class space    used 13663K, committed 14016K, reserved 1048576K
}
Event: 333.802 GC heap after
{Heap after GC invocations=32 (full 3):
 garbage-first heap   total 124928K, used 43602K [0x0000000752200000, 0x0000000800000000)
  region size 2048K, 3 young (6144K), 3 survivors (6144K)
 Metaspace       used 98384K, committed 99200K, reserved 1179648K
  class space    used 13663K, committed 14016K, reserved 1048576K
}
Event: 335.396 GC heap before
{Heap before GC invocations=32 (full 3):
 garbage-first heap   total 124928K, used 92754K [0x0000000752200000, 0x0000000800000000)
  region size 2048K, 27 young (55296K), 3 survivors (6144K)
 Metaspace       used 98627K, committed 99328K, reserved 1179648K
  class space    used 13690K, committed 14016K, reserved 1048576K
}
Event: 335.410 GC heap after
{Heap after GC invocations=33 (full 3):
 garbage-first heap   total 124928K, used 48053K [0x0000000752200000, 0x0000000800000000)
  region size 2048K, 3 young (6144K), 3 survivors (6144K)
 Metaspace       used 98627K, committed 99328K, reserved 1179648K
  class space    used 13690K, committed 14016K, reserved 1048576K
}
Event: 336.034 GC heap before
{Heap before GC invocations=33 (full 3):
 garbage-first heap   total 124928K, used 93109K [0x0000000752200000, 0x0000000800000000)
  region size 2048K, 25 young (51200K), 3 survivors (6144K)
 Metaspace       used 98928K, committed 99584K, reserved 1179648K
  class space    used 13711K, committed 14016K, reserved 1048576K
}
Event: 336.046 GC heap after
{Heap after GC invocations=34 (full 3):
 garbage-first heap   total 124928K, used 52389K [0x0000000752200000, 0x0000000800000000)
  region size 2048K, 3 young (6144K), 3 survivors (6144K)
 Metaspace       used 98928K, committed 99584K, reserved 1179648K
  class space    used 13711K, committed 14016K, reserved 1048576K
}

